<?xml version="1.0" encoding="UTF-8"?>
<testsuite xmlns:xsi="http://www.w3.org/2001/XMLSchema-instance" xsi:noNamespaceSchemaLocation="https://maven.apache.org/surefire/maven-surefire-plugin/xsd/surefire-test-report.xsd" name="org.lambda.LambdaTest" time="0" tests="1" errors="0" skipped="0" failures="0">
  <properties>
    <property name="sun.desktop" value="gnome"/>
    <property name="awt.toolkit" value="sun.awt.X11.XToolkit"/>
    <property name="file.encoding.pkg" value="sun.io"/>
    <property name="java.specification.version" value="1.8"/>
    <property name="sun.cpu.isalist" value=""/>
    <property name="sun.jnu.encoding" value="UTF-8"/>
    <property name="java.class.path" value="/home/ubuntu/Desktop/GitHub/test/target/test-classes:/home/ubuntu/Desktop/GitHub/test/target/classes:/home/ubuntu/.m2/repository/io/cucumber/cucumber-java/4.8.0/cucumber-java-4.8.0.jar:/home/ubuntu/.m2/repository/org/apiguardian/apiguardian-api/1.1.0/apiguardian-api-1.1.0.jar:/home/ubuntu/.m2/repository/io/cucumber/cucumber-core/4.8.0/cucumber-core-4.8.0.jar:/home/ubuntu/.m2/repository/io/cucumber/gherkin/5.1.0/gherkin-5.1.0.jar:/home/ubuntu/.m2/repository/io/cucumber/tag-expressions/1.1.1/tag-expressions-1.1.1.jar:/home/ubuntu/.m2/repository/io/cucumber/cucumber-expressions/7.0.2/cucumber-expressions-7.0.2.jar:/home/ubuntu/.m2/repository/io/cucumber/datatable/1.1.14/datatable-1.1.14.jar:/home/ubuntu/.m2/repository/io/cucumber/datatable-dependencies/1.1.14/datatable-dependencies-1.1.14.jar:/home/ubuntu/.m2/repository/io/cucumber/cucumber-junit/4.8.0/cucumber-junit-4.8.0.jar:/home/ubuntu/.m2/repository/au/com/dius/pact-jvm-consumer-junit/4.0.4/pact-jvm-consumer-junit-4.0.4.jar:/home/ubuntu/.m2/repository/au/com/dius/pact-jvm-consumer/4.0.4/pact-jvm-consumer-4.0.4.jar:/home/ubuntu/.m2/repository/com/googlecode/java-diff-utils/diffutils/1.3.0/diffutils-1.3.0.jar:/home/ubuntu/.m2/repository/dk/brics/automaton/automaton/1.11-8/automaton-1.11-8.jar:/home/ubuntu/.m2/repository/io/netty/netty-handler/4.1.45.Final/netty-handler-4.1.45.Final.jar:/home/ubuntu/.m2/repository/io/netty/netty-common/4.1.45.Final/netty-common-4.1.45.Final.jar:/home/ubuntu/.m2/repository/io/netty/netty-buffer/4.1.45.Final/netty-buffer-4.1.45.Final.jar:/home/ubuntu/.m2/repository/io/netty/netty-transport/4.1.45.Final/netty-transport-4.1.45.Final.jar:/home/ubuntu/.m2/repository/io/netty/netty-resolver/4.1.45.Final/netty-resolver-4.1.45.Final.jar:/home/ubuntu/.m2/repository/io/netty/netty-codec/4.1.45.Final/netty-codec-4.1.45.Final.jar:/home/ubuntu/.m2/repository/org/apache/httpcomponents/httpmime/4.5.11/httpmime-4.5.11.jar:/home/ubuntu/.m2/repository/au/com/dius/pact-jvm-core-model/4.0.4/pact-jvm-core-model-4.0.4.jar:/home/ubuntu/.m2/repository/com/github/zafarkhaja/java-semver/0.9.0/java-semver-0.9.0.jar:/home/ubuntu/.m2/repository/org/apache/commons/commons-collections4/4.1/commons-collections4-4.1.jar:/home/ubuntu/.m2/repository/com/github/mifmif/generex/1.0.2/generex-1.0.2.jar:/home/ubuntu/.m2/repository/com/amazonaws/aws-java-sdk-s3/1.11.587/aws-java-sdk-s3-1.11.587.jar:/home/ubuntu/.m2/repository/com/amazonaws/aws-java-sdk-kms/1.11.587/aws-java-sdk-kms-1.11.587.jar:/home/ubuntu/.m2/repository/com/amazonaws/aws-java-sdk-core/1.11.587/aws-java-sdk-core-1.11.587.jar:/home/ubuntu/.m2/repository/software/amazon/ion/ion-java/1.0.2/ion-java-1.0.2.jar:/home/ubuntu/.m2/repository/com/fasterxml/jackson/dataformat/jackson-dataformat-cbor/2.10.2/jackson-dataformat-cbor-2.10.2.jar:/home/ubuntu/.m2/repository/joda-time/joda-time/2.10.5/joda-time-2.10.5.jar:/home/ubuntu/.m2/repository/com/amazonaws/jmespath-java/1.11.587/jmespath-java-1.11.587.jar:/home/ubuntu/.m2/repository/au/com/dius/pact-jvm-core-matchers/4.0.4/pact-jvm-core-matchers-4.0.4.jar:/home/ubuntu/.m2/repository/xerces/xercesImpl/2.12.0/xercesImpl-2.12.0.jar:/home/ubuntu/.m2/repository/xml-apis/xml-apis/1.4.01/xml-apis-1.4.01.jar:/home/ubuntu/.m2/repository/org/atteo/evo-inflector/1.2.2/evo-inflector-1.2.2.jar:/home/ubuntu/.m2/repository/io/ktor/ktor-server-netty/1.2.6/ktor-server-netty-1.2.6.jar:/home/ubuntu/.m2/repository/org/jetbrains/kotlin/kotlin-stdlib/1.3.61/kotlin-stdlib-1.3.61.jar:/home/ubuntu/.m2/repository/org/jetbrains/kotlin/kotlin-stdlib-common/1.3.61/kotlin-stdlib-common-1.3.61.jar:/home/ubuntu/.m2/repository/org/jetbrains/annotations/13.0/annotations-13.0.jar:/home/ubuntu/.m2/repository/org/jetbrains/kotlin/kotlin-stdlib-jdk7/1.3.61/kotlin-stdlib-jdk7-1.3.61.jar:/home/ubuntu/.m2/repository/org/jetbrains/kotlinx/atomicfu/0.14.1/atomicfu-0.14.1.jar:/home/ubuntu/.m2/repository/com/typesafe/config/1.3.1/config-1.3.1.jar:/home/ubuntu/.m2/repository/org/jetbrains/kotlinx/kotlinx-coroutines-jdk8/1.3.3/kotlinx-coroutines-jdk8-1.3.3.jar:/home/ubuntu/.m2/repository/org/jetbrains/kotlinx/kotlinx-coroutines-core/1.3.3/kotlinx-coroutines-core-1.3.3.jar:/home/ubuntu/.m2/repository/org/jetbrains/kotlinx/kotlinx-io-jvm/0.1.16/kotlinx-io-jvm-0.1.16.jar:/home/ubuntu/.m2/repository/org/jetbrains/kotlinx/atomicfu-common/0.14.1/atomicfu-common-0.14.1.jar:/home/ubuntu/.m2/repository/org/jetbrains/kotlinx/kotlinx-io/0.1.16/kotlinx-io-0.1.16.jar:/home/ubuntu/.m2/repository/org/jetbrains/kotlinx/kotlinx-coroutines-io-jvm/0.1.16/kotlinx-coroutines-io-jvm-0.1.16.jar:/home/ubuntu/.m2/repository/org/jetbrains/kotlinx/kotlinx-coroutines-core-common/1.3.3/kotlinx-coroutines-core-common-1.3.3.jar:/home/ubuntu/.m2/repository/org/jetbrains/kotlinx/kotlinx-coroutines-io/0.1.16/kotlinx-coroutines-io-0.1.16.jar:/home/ubuntu/.m2/repository/io/ktor/ktor-server-host-common/1.2.6/ktor-server-host-common-1.2.6.jar:/home/ubuntu/.m2/repository/io/ktor/ktor-server-core/1.2.6/ktor-server-core-1.2.6.jar:/home/ubuntu/.m2/repository/io/netty/netty-codec-http2/4.1.45.Final/netty-codec-http2-4.1.45.Final.jar:/home/ubuntu/.m2/repository/io/netty/netty-codec-http/4.1.45.Final/netty-codec-http-4.1.45.Final.jar:/home/ubuntu/.m2/repository/org/eclipse/jetty/alpn/alpn-api/1.1.3.v20160715/alpn-api-1.1.3.v20160715.jar:/home/ubuntu/.m2/repository/io/netty/netty-transport-native-kqueue/4.1.45.Final/netty-transport-native-kqueue-4.1.45.Final.jar:/home/ubuntu/.m2/repository/io/netty/netty-transport-native-unix-common/4.1.45.Final/netty-transport-native-unix-common-4.1.45.Final.jar:/home/ubuntu/.m2/repository/io/netty/netty-transport-native-epoll/4.1.45.Final/netty-transport-native-epoll-4.1.45.Final.jar:/home/ubuntu/.m2/repository/io/ktor/ktor-network-tls/1.2.6/ktor-network-tls-1.2.6.jar:/home/ubuntu/.m2/repository/io/ktor/ktor-network/1.2.6/ktor-network-1.2.6.jar:/home/ubuntu/.m2/repository/io/ktor/ktor-utils-jvm/1.2.6/ktor-utils-jvm-1.2.6.jar:/home/ubuntu/.m2/repository/io/ktor/ktor-http-cio-jvm/1.2.6/ktor-http-cio-jvm-1.2.6.jar:/home/ubuntu/.m2/repository/io/ktor/ktor-http-jvm/1.2.6/ktor-http-jvm-1.2.6.jar:/home/ubuntu/.m2/repository/org/json/json/20160212/json-20160212.jar:/home/ubuntu/.m2/repository/org/apache/commons/commons-lang3/3.9/commons-lang3-3.9.jar:/home/ubuntu/.m2/repository/com/google/guava/guava/18.0/guava-18.0.jar:/home/ubuntu/.m2/repository/au/com/dius/pact-jvm-provider-junit/4.0.4/pact-jvm-provider-junit-4.0.4.jar:/home/ubuntu/.m2/repository/org/apache/httpcomponents/fluent-hc/4.5.11/fluent-hc-4.5.11.jar:/home/ubuntu/.m2/repository/commons-logging/commons-logging/1.2/commons-logging-1.2.jar:/home/ubuntu/.m2/repository/org/apache/httpcomponents/httpclient/4.5.11/httpclient-4.5.11.jar:/home/ubuntu/.m2/repository/org/apache/httpcomponents/httpcore/4.4.13/httpcore-4.4.13.jar:/home/ubuntu/.m2/repository/commons-codec/commons-codec/1.13/commons-codec-1.13.jar:/home/ubuntu/.m2/repository/org/jooq/jool/0.9.14/jool-0.9.14.jar:/home/ubuntu/.m2/repository/com/github/rholder/guava-retrying/2.0.0/guava-retrying-2.0.0.jar:/home/ubuntu/.m2/repository/com/google/code/findbugs/jsr305/2.0.2/jsr305-2.0.2.jar:/home/ubuntu/.m2/repository/javax/mail/mail/1.5.0-b01/mail-1.5.0-b01.jar:/home/ubuntu/.m2/repository/javax/activation/activation/1.1/activation-1.1.jar:/home/ubuntu/.m2/repository/au/com/dius/pact-jvm-core-support/4.0.4/pact-jvm-core-support-4.0.4.jar:/home/ubuntu/.m2/repository/org/antlr/antlr4/4.7.2/antlr4-4.7.2.jar:/home/ubuntu/.m2/repository/org/antlr/antlr4-runtime/4.7.2/antlr4-runtime-4.7.2.jar:/home/ubuntu/.m2/repository/org/antlr/antlr-runtime/3.5.2/antlr-runtime-3.5.2.jar:/home/ubuntu/.m2/repository/org/antlr/ST4/4.1/ST4-4.1.jar:/home/ubuntu/.m2/repository/org/abego/treelayout/org.abego.treelayout.core/1.0.3/org.abego.treelayout.core-1.0.3.jar:/home/ubuntu/.m2/repository/org/glassfish/javax.json/1.0.4/javax.json-1.0.4.jar:/home/ubuntu/.m2/repository/com/ibm/icu/icu4j/61.1/icu4j-61.1.jar:/home/ubuntu/.m2/repository/com/google/code/gson/gson/2.8.6/gson-2.8.6.jar:/home/ubuntu/.m2/repository/io/github/microutils/kotlin-logging/1.6.26/kotlin-logging-1.6.26.jar:/home/ubuntu/.m2/repository/io/github/microutils/kotlin-logging-common/1.6.26/kotlin-logging-common-1.6.26.jar:/home/ubuntu/.m2/repository/org/jetbrains/kotlin/kotlin-stdlib-jdk8/1.3.61/kotlin-stdlib-jdk8-1.3.61.jar:/home/ubuntu/.m2/repository/org/jetbrains/kotlin/kotlin-reflect/1.3.61/kotlin-reflect-1.3.61.jar:/home/ubuntu/.m2/repository/com/github/salomonbrys/kotson/kotson/2.5.0/kotson-2.5.0.jar:/home/ubuntu/.m2/repository/au/com/dius/pact-jvm-provider/4.0.4/pact-jvm-provider-4.0.4.jar:/home/ubuntu/.m2/repository/commons-io/commons-io/2.5/commons-io-2.5.jar:/home/ubuntu/.m2/repository/org/fusesource/jansi/jansi/1.17.1/jansi-1.17.1.jar:/home/ubuntu/.m2/repository/au/com/dius/pact-jvm-core-pact-broker/4.0.4/pact-jvm-core-pact-broker-4.0.4.jar:/home/ubuntu/.m2/repository/org/dmfs/rfc3986-uri/0.8/rfc3986-uri-0.8.jar:/home/ubuntu/.m2/repository/org/dmfs/iterators/1.5/iterators-1.5.jar:/home/ubuntu/.m2/repository/org/dmfs/optional/0.3/optional-0.3.jar:/home/ubuntu/.m2/repository/io/arrow-kt/arrow-core-extensions/0.9.0/arrow-core-extensions-0.9.0.jar:/home/ubuntu/.m2/repository/io/arrow-kt/arrow-annotations/0.9.0/arrow-annotations-0.9.0.jar:/home/ubuntu/.m2/repository/io/kindedj/kindedj/1.1.0/kindedj-1.1.0.jar:/home/ubuntu/.m2/repository/io/arrow-kt/arrow-typeclasses/0.9.0/arrow-typeclasses-0.9.0.jar:/home/ubuntu/.m2/repository/io/arrow-kt/arrow-core-data/0.9.0/arrow-core-data-0.9.0.jar:/home/ubuntu/.m2/repository/org/scala-lang/scala-library/2.12.8/scala-library-2.12.8.jar:/home/ubuntu/.m2/repository/io/github/classgraph/classgraph/4.8.25/classgraph-4.8.25.jar:/home/ubuntu/.m2/repository/org/codehaus/groovy/groovy/2.5.9/groovy-2.5.9.jar:/home/ubuntu/.m2/repository/org/slf4j/slf4j-api/1.7.30/slf4j-api-1.7.30.jar:/home/ubuntu/.m2/repository/junit/junit/4.13/junit-4.13.jar:/home/ubuntu/.m2/repository/org/hamcrest/hamcrest-core/2.1/hamcrest-core-2.1.jar:/home/ubuntu/.m2/repository/org/hamcrest/hamcrest/2.2/hamcrest-2.2.jar:/home/ubuntu/.m2/repository/org/projectlombok/lombok/1.18.12/lombok-1.18.12.jar:/home/ubuntu/.m2/repository/org/springframework/boot/spring-boot-starter-hateoas/2.2.5.RELEASE/spring-boot-starter-hateoas-2.2.5.RELEASE.jar:/home/ubuntu/.m2/repository/org/springframework/boot/spring-boot-starter-web/2.2.5.RELEASE/spring-boot-starter-web-2.2.5.RELEASE.jar:/home/ubuntu/.m2/repository/org/springframework/boot/spring-boot-starter/2.2.5.RELEASE/spring-boot-starter-2.2.5.RELEASE.jar:/home/ubuntu/.m2/repository/org/springframework/boot/spring-boot/2.2.5.RELEASE/spring-boot-2.2.5.RELEASE.jar:/home/ubuntu/.m2/repository/org/springframework/boot/spring-boot-autoconfigure/2.2.5.RELEASE/spring-boot-autoconfigure-2.2.5.RELEASE.jar:/home/ubuntu/.m2/repository/org/springframework/boot/spring-boot-starter-logging/2.2.5.RELEASE/spring-boot-starter-logging-2.2.5.RELEASE.jar:/home/ubuntu/.m2/repository/ch/qos/logback/logback-classic/1.2.3/logback-classic-1.2.3.jar:/home/ubuntu/.m2/repository/ch/qos/logback/logback-core/1.2.3/logback-core-1.2.3.jar:/home/ubuntu/.m2/repository/org/apache/logging/log4j/log4j-to-slf4j/2.12.1/log4j-to-slf4j-2.12.1.jar:/home/ubuntu/.m2/repository/org/apache/logging/log4j/log4j-api/2.12.1/log4j-api-2.12.1.jar:/home/ubuntu/.m2/repository/org/slf4j/jul-to-slf4j/1.7.30/jul-to-slf4j-1.7.30.jar:/home/ubuntu/.m2/repository/jakarta/annotation/jakarta.annotation-api/1.3.5/jakarta.annotation-api-1.3.5.jar:/home/ubuntu/.m2/repository/org/yaml/snakeyaml/1.25/snakeyaml-1.25.jar:/home/ubuntu/.m2/repository/org/springframework/boot/spring-boot-starter-json/2.2.5.RELEASE/spring-boot-starter-json-2.2.5.RELEASE.jar:/home/ubuntu/.m2/repository/com/fasterxml/jackson/core/jackson-databind/2.10.2/jackson-databind-2.10.2.jar:/home/ubuntu/.m2/repository/com/fasterxml/jackson/core/jackson-annotations/2.10.2/jackson-annotations-2.10.2.jar:/home/ubuntu/.m2/repository/com/fasterxml/jackson/core/jackson-core/2.10.2/jackson-core-2.10.2.jar:/home/ubuntu/.m2/repository/com/fasterxml/jackson/datatype/jackson-datatype-jdk8/2.10.2/jackson-datatype-jdk8-2.10.2.jar:/home/ubuntu/.m2/repository/com/fasterxml/jackson/datatype/jackson-datatype-jsr310/2.10.2/jackson-datatype-jsr310-2.10.2.jar:/home/ubuntu/.m2/repository/com/fasterxml/jackson/module/jackson-module-parameter-names/2.10.2/jackson-module-parameter-names-2.10.2.jar:/home/ubuntu/.m2/repository/org/springframework/boot/spring-boot-starter-tomcat/2.2.5.RELEASE/spring-boot-starter-tomcat-2.2.5.RELEASE.jar:/home/ubuntu/.m2/repository/org/apache/tomcat/embed/tomcat-embed-core/9.0.31/tomcat-embed-core-9.0.31.jar:/home/ubuntu/.m2/repository/org/apache/tomcat/embed/tomcat-embed-el/9.0.31/tomcat-embed-el-9.0.31.jar:/home/ubuntu/.m2/repository/org/apache/tomcat/embed/tomcat-embed-websocket/9.0.31/tomcat-embed-websocket-9.0.31.jar:/home/ubuntu/.m2/repository/org/springframework/boot/spring-boot-starter-validation/2.2.5.RELEASE/spring-boot-starter-validation-2.2.5.RELEASE.jar:/home/ubuntu/.m2/repository/jakarta/validation/jakarta.validation-api/2.0.2/jakarta.validation-api-2.0.2.jar:/home/ubuntu/.m2/repository/org/hibernate/validator/hibernate-validator/6.0.18.Final/hibernate-validator-6.0.18.Final.jar:/home/ubuntu/.m2/repository/org/jboss/logging/jboss-logging/3.4.1.Final/jboss-logging-3.4.1.Final.jar:/home/ubuntu/.m2/repository/com/fasterxml/classmate/1.5.1/classmate-1.5.1.jar:/home/ubuntu/.m2/repository/org/springframework/spring-web/5.2.4.RELEASE/spring-web-5.2.4.RELEASE.jar:/home/ubuntu/.m2/repository/org/springframework/spring-webmvc/5.2.4.RELEASE/spring-webmvc-5.2.4.RELEASE.jar:/home/ubuntu/.m2/repository/org/springframework/spring-expression/5.2.4.RELEASE/spring-expression-5.2.4.RELEASE.jar:/home/ubuntu/.m2/repository/org/springframework/hateoas/spring-hateoas/1.0.3.RELEASE/spring-hateoas-1.0.3.RELEASE.jar:/home/ubuntu/.m2/repository/org/springframework/spring-aop/5.2.4.RELEASE/spring-aop-5.2.4.RELEASE.jar:/home/ubuntu/.m2/repository/org/springframework/spring-beans/5.2.4.RELEASE/spring-beans-5.2.4.RELEASE.jar:/home/ubuntu/.m2/repository/org/springframework/spring-context/5.2.4.RELEASE/spring-context-5.2.4.RELEASE.jar:/home/ubuntu/.m2/repository/org/springframework/spring-core/5.2.4.RELEASE/spring-core-5.2.4.RELEASE.jar:/home/ubuntu/.m2/repository/org/springframework/spring-jcl/5.2.4.RELEASE/spring-jcl-5.2.4.RELEASE.jar:/home/ubuntu/.m2/repository/org/springframework/plugin/spring-plugin-core/2.0.0.RELEASE/spring-plugin-core-2.0.0.RELEASE.jar:/home/ubuntu/.m2/repository/com/jayway/jsonpath/json-path/2.4.0/json-path-2.4.0.jar:/home/ubuntu/.m2/repository/net/minidev/json-smart/2.3/json-smart-2.3.jar:/home/ubuntu/.m2/repository/net/minidev/accessors-smart/1.2/accessors-smart-1.2.jar:/home/ubuntu/.m2/repository/org/ow2/asm/asm/5.0.4/asm-5.0.4.jar:"/>
    <property name="java.vm.vendor" value="Oracle Corporation"/>
    <property name="sun.arch.data.model" value="64"/>
    <property name="java.vendor.url" value="http://java.oracle.com/"/>
    <property name="user.timezone" value=""/>
    <property name="java.vm.specification.version" value="1.8"/>
    <property name="os.name" value="Linux"/>
    <property name="user.country" value="US"/>
    <property name="sun.java.launcher" value="SUN_STANDARD"/>
    <property name="sun.boot.library.path" value="/usr/lib/jvm/java-8-oracle/jre/lib/amd64"/>
    <property name="sun.java.command" value="/home/ubuntu/Desktop/GitHub/test/target/surefire/surefirebooter2029032666689076470.jar /home/ubuntu/Desktop/GitHub/test/target/surefire 2021-02-08T22-55-32_916-jvmRun1 surefire126109995149615852tmp surefire_03666018585964890070tmp"/>
    <property name="surefire.test.class.path" value="/home/ubuntu/Desktop/GitHub/test/target/test-classes:/home/ubuntu/Desktop/GitHub/test/target/classes:/home/ubuntu/.m2/repository/io/cucumber/cucumber-java/4.8.0/cucumber-java-4.8.0.jar:/home/ubuntu/.m2/repository/org/apiguardian/apiguardian-api/1.1.0/apiguardian-api-1.1.0.jar:/home/ubuntu/.m2/repository/io/cucumber/cucumber-core/4.8.0/cucumber-core-4.8.0.jar:/home/ubuntu/.m2/repository/io/cucumber/gherkin/5.1.0/gherkin-5.1.0.jar:/home/ubuntu/.m2/repository/io/cucumber/tag-expressions/1.1.1/tag-expressions-1.1.1.jar:/home/ubuntu/.m2/repository/io/cucumber/cucumber-expressions/7.0.2/cucumber-expressions-7.0.2.jar:/home/ubuntu/.m2/repository/io/cucumber/datatable/1.1.14/datatable-1.1.14.jar:/home/ubuntu/.m2/repository/io/cucumber/datatable-dependencies/1.1.14/datatable-dependencies-1.1.14.jar:/home/ubuntu/.m2/repository/io/cucumber/cucumber-junit/4.8.0/cucumber-junit-4.8.0.jar:/home/ubuntu/.m2/repository/au/com/dius/pact-jvm-consumer-junit/4.0.4/pact-jvm-consumer-junit-4.0.4.jar:/home/ubuntu/.m2/repository/au/com/dius/pact-jvm-consumer/4.0.4/pact-jvm-consumer-4.0.4.jar:/home/ubuntu/.m2/repository/com/googlecode/java-diff-utils/diffutils/1.3.0/diffutils-1.3.0.jar:/home/ubuntu/.m2/repository/dk/brics/automaton/automaton/1.11-8/automaton-1.11-8.jar:/home/ubuntu/.m2/repository/io/netty/netty-handler/4.1.45.Final/netty-handler-4.1.45.Final.jar:/home/ubuntu/.m2/repository/io/netty/netty-common/4.1.45.Final/netty-common-4.1.45.Final.jar:/home/ubuntu/.m2/repository/io/netty/netty-buffer/4.1.45.Final/netty-buffer-4.1.45.Final.jar:/home/ubuntu/.m2/repository/io/netty/netty-transport/4.1.45.Final/netty-transport-4.1.45.Final.jar:/home/ubuntu/.m2/repository/io/netty/netty-resolver/4.1.45.Final/netty-resolver-4.1.45.Final.jar:/home/ubuntu/.m2/repository/io/netty/netty-codec/4.1.45.Final/netty-codec-4.1.45.Final.jar:/home/ubuntu/.m2/repository/org/apache/httpcomponents/httpmime/4.5.11/httpmime-4.5.11.jar:/home/ubuntu/.m2/repository/au/com/dius/pact-jvm-core-model/4.0.4/pact-jvm-core-model-4.0.4.jar:/home/ubuntu/.m2/repository/com/github/zafarkhaja/java-semver/0.9.0/java-semver-0.9.0.jar:/home/ubuntu/.m2/repository/org/apache/commons/commons-collections4/4.1/commons-collections4-4.1.jar:/home/ubuntu/.m2/repository/com/github/mifmif/generex/1.0.2/generex-1.0.2.jar:/home/ubuntu/.m2/repository/com/amazonaws/aws-java-sdk-s3/1.11.587/aws-java-sdk-s3-1.11.587.jar:/home/ubuntu/.m2/repository/com/amazonaws/aws-java-sdk-kms/1.11.587/aws-java-sdk-kms-1.11.587.jar:/home/ubuntu/.m2/repository/com/amazonaws/aws-java-sdk-core/1.11.587/aws-java-sdk-core-1.11.587.jar:/home/ubuntu/.m2/repository/software/amazon/ion/ion-java/1.0.2/ion-java-1.0.2.jar:/home/ubuntu/.m2/repository/com/fasterxml/jackson/dataformat/jackson-dataformat-cbor/2.10.2/jackson-dataformat-cbor-2.10.2.jar:/home/ubuntu/.m2/repository/joda-time/joda-time/2.10.5/joda-time-2.10.5.jar:/home/ubuntu/.m2/repository/com/amazonaws/jmespath-java/1.11.587/jmespath-java-1.11.587.jar:/home/ubuntu/.m2/repository/au/com/dius/pact-jvm-core-matchers/4.0.4/pact-jvm-core-matchers-4.0.4.jar:/home/ubuntu/.m2/repository/xerces/xercesImpl/2.12.0/xercesImpl-2.12.0.jar:/home/ubuntu/.m2/repository/xml-apis/xml-apis/1.4.01/xml-apis-1.4.01.jar:/home/ubuntu/.m2/repository/org/atteo/evo-inflector/1.2.2/evo-inflector-1.2.2.jar:/home/ubuntu/.m2/repository/io/ktor/ktor-server-netty/1.2.6/ktor-server-netty-1.2.6.jar:/home/ubuntu/.m2/repository/org/jetbrains/kotlin/kotlin-stdlib/1.3.61/kotlin-stdlib-1.3.61.jar:/home/ubuntu/.m2/repository/org/jetbrains/kotlin/kotlin-stdlib-common/1.3.61/kotlin-stdlib-common-1.3.61.jar:/home/ubuntu/.m2/repository/org/jetbrains/annotations/13.0/annotations-13.0.jar:/home/ubuntu/.m2/repository/org/jetbrains/kotlin/kotlin-stdlib-jdk7/1.3.61/kotlin-stdlib-jdk7-1.3.61.jar:/home/ubuntu/.m2/repository/org/jetbrains/kotlinx/atomicfu/0.14.1/atomicfu-0.14.1.jar:/home/ubuntu/.m2/repository/com/typesafe/config/1.3.1/config-1.3.1.jar:/home/ubuntu/.m2/repository/org/jetbrains/kotlinx/kotlinx-coroutines-jdk8/1.3.3/kotlinx-coroutines-jdk8-1.3.3.jar:/home/ubuntu/.m2/repository/org/jetbrains/kotlinx/kotlinx-coroutines-core/1.3.3/kotlinx-coroutines-core-1.3.3.jar:/home/ubuntu/.m2/repository/org/jetbrains/kotlinx/kotlinx-io-jvm/0.1.16/kotlinx-io-jvm-0.1.16.jar:/home/ubuntu/.m2/repository/org/jetbrains/kotlinx/atomicfu-common/0.14.1/atomicfu-common-0.14.1.jar:/home/ubuntu/.m2/repository/org/jetbrains/kotlinx/kotlinx-io/0.1.16/kotlinx-io-0.1.16.jar:/home/ubuntu/.m2/repository/org/jetbrains/kotlinx/kotlinx-coroutines-io-jvm/0.1.16/kotlinx-coroutines-io-jvm-0.1.16.jar:/home/ubuntu/.m2/repository/org/jetbrains/kotlinx/kotlinx-coroutines-core-common/1.3.3/kotlinx-coroutines-core-common-1.3.3.jar:/home/ubuntu/.m2/repository/org/jetbrains/kotlinx/kotlinx-coroutines-io/0.1.16/kotlinx-coroutines-io-0.1.16.jar:/home/ubuntu/.m2/repository/io/ktor/ktor-server-host-common/1.2.6/ktor-server-host-common-1.2.6.jar:/home/ubuntu/.m2/repository/io/ktor/ktor-server-core/1.2.6/ktor-server-core-1.2.6.jar:/home/ubuntu/.m2/repository/io/netty/netty-codec-http2/4.1.45.Final/netty-codec-http2-4.1.45.Final.jar:/home/ubuntu/.m2/repository/io/netty/netty-codec-http/4.1.45.Final/netty-codec-http-4.1.45.Final.jar:/home/ubuntu/.m2/repository/org/eclipse/jetty/alpn/alpn-api/1.1.3.v20160715/alpn-api-1.1.3.v20160715.jar:/home/ubuntu/.m2/repository/io/netty/netty-transport-native-kqueue/4.1.45.Final/netty-transport-native-kqueue-4.1.45.Final.jar:/home/ubuntu/.m2/repository/io/netty/netty-transport-native-unix-common/4.1.45.Final/netty-transport-native-unix-common-4.1.45.Final.jar:/home/ubuntu/.m2/repository/io/netty/netty-transport-native-epoll/4.1.45.Final/netty-transport-native-epoll-4.1.45.Final.jar:/home/ubuntu/.m2/repository/io/ktor/ktor-network-tls/1.2.6/ktor-network-tls-1.2.6.jar:/home/ubuntu/.m2/repository/io/ktor/ktor-network/1.2.6/ktor-network-1.2.6.jar:/home/ubuntu/.m2/repository/io/ktor/ktor-utils-jvm/1.2.6/ktor-utils-jvm-1.2.6.jar:/home/ubuntu/.m2/repository/io/ktor/ktor-http-cio-jvm/1.2.6/ktor-http-cio-jvm-1.2.6.jar:/home/ubuntu/.m2/repository/io/ktor/ktor-http-jvm/1.2.6/ktor-http-jvm-1.2.6.jar:/home/ubuntu/.m2/repository/org/json/json/20160212/json-20160212.jar:/home/ubuntu/.m2/repository/org/apache/commons/commons-lang3/3.9/commons-lang3-3.9.jar:/home/ubuntu/.m2/repository/com/google/guava/guava/18.0/guava-18.0.jar:/home/ubuntu/.m2/repository/au/com/dius/pact-jvm-provider-junit/4.0.4/pact-jvm-provider-junit-4.0.4.jar:/home/ubuntu/.m2/repository/org/apache/httpcomponents/fluent-hc/4.5.11/fluent-hc-4.5.11.jar:/home/ubuntu/.m2/repository/commons-logging/commons-logging/1.2/commons-logging-1.2.jar:/home/ubuntu/.m2/repository/org/apache/httpcomponents/httpclient/4.5.11/httpclient-4.5.11.jar:/home/ubuntu/.m2/repository/org/apache/httpcomponents/httpcore/4.4.13/httpcore-4.4.13.jar:/home/ubuntu/.m2/repository/commons-codec/commons-codec/1.13/commons-codec-1.13.jar:/home/ubuntu/.m2/repository/org/jooq/jool/0.9.14/jool-0.9.14.jar:/home/ubuntu/.m2/repository/com/github/rholder/guava-retrying/2.0.0/guava-retrying-2.0.0.jar:/home/ubuntu/.m2/repository/com/google/code/findbugs/jsr305/2.0.2/jsr305-2.0.2.jar:/home/ubuntu/.m2/repository/javax/mail/mail/1.5.0-b01/mail-1.5.0-b01.jar:/home/ubuntu/.m2/repository/javax/activation/activation/1.1/activation-1.1.jar:/home/ubuntu/.m2/repository/au/com/dius/pact-jvm-core-support/4.0.4/pact-jvm-core-support-4.0.4.jar:/home/ubuntu/.m2/repository/org/antlr/antlr4/4.7.2/antlr4-4.7.2.jar:/home/ubuntu/.m2/repository/org/antlr/antlr4-runtime/4.7.2/antlr4-runtime-4.7.2.jar:/home/ubuntu/.m2/repository/org/antlr/antlr-runtime/3.5.2/antlr-runtime-3.5.2.jar:/home/ubuntu/.m2/repository/org/antlr/ST4/4.1/ST4-4.1.jar:/home/ubuntu/.m2/repository/org/abego/treelayout/org.abego.treelayout.core/1.0.3/org.abego.treelayout.core-1.0.3.jar:/home/ubuntu/.m2/repository/org/glassfish/javax.json/1.0.4/javax.json-1.0.4.jar:/home/ubuntu/.m2/repository/com/ibm/icu/icu4j/61.1/icu4j-61.1.jar:/home/ubuntu/.m2/repository/com/google/code/gson/gson/2.8.6/gson-2.8.6.jar:/home/ubuntu/.m2/repository/io/github/microutils/kotlin-logging/1.6.26/kotlin-logging-1.6.26.jar:/home/ubuntu/.m2/repository/io/github/microutils/kotlin-logging-common/1.6.26/kotlin-logging-common-1.6.26.jar:/home/ubuntu/.m2/repository/org/jetbrains/kotlin/kotlin-stdlib-jdk8/1.3.61/kotlin-stdlib-jdk8-1.3.61.jar:/home/ubuntu/.m2/repository/org/jetbrains/kotlin/kotlin-reflect/1.3.61/kotlin-reflect-1.3.61.jar:/home/ubuntu/.m2/repository/com/github/salomonbrys/kotson/kotson/2.5.0/kotson-2.5.0.jar:/home/ubuntu/.m2/repository/au/com/dius/pact-jvm-provider/4.0.4/pact-jvm-provider-4.0.4.jar:/home/ubuntu/.m2/repository/commons-io/commons-io/2.5/commons-io-2.5.jar:/home/ubuntu/.m2/repository/org/fusesource/jansi/jansi/1.17.1/jansi-1.17.1.jar:/home/ubuntu/.m2/repository/au/com/dius/pact-jvm-core-pact-broker/4.0.4/pact-jvm-core-pact-broker-4.0.4.jar:/home/ubuntu/.m2/repository/org/dmfs/rfc3986-uri/0.8/rfc3986-uri-0.8.jar:/home/ubuntu/.m2/repository/org/dmfs/iterators/1.5/iterators-1.5.jar:/home/ubuntu/.m2/repository/org/dmfs/optional/0.3/optional-0.3.jar:/home/ubuntu/.m2/repository/io/arrow-kt/arrow-core-extensions/0.9.0/arrow-core-extensions-0.9.0.jar:/home/ubuntu/.m2/repository/io/arrow-kt/arrow-annotations/0.9.0/arrow-annotations-0.9.0.jar:/home/ubuntu/.m2/repository/io/kindedj/kindedj/1.1.0/kindedj-1.1.0.jar:/home/ubuntu/.m2/repository/io/arrow-kt/arrow-typeclasses/0.9.0/arrow-typeclasses-0.9.0.jar:/home/ubuntu/.m2/repository/io/arrow-kt/arrow-core-data/0.9.0/arrow-core-data-0.9.0.jar:/home/ubuntu/.m2/repository/org/scala-lang/scala-library/2.12.8/scala-library-2.12.8.jar:/home/ubuntu/.m2/repository/io/github/classgraph/classgraph/4.8.25/classgraph-4.8.25.jar:/home/ubuntu/.m2/repository/org/codehaus/groovy/groovy/2.5.9/groovy-2.5.9.jar:/home/ubuntu/.m2/repository/org/slf4j/slf4j-api/1.7.30/slf4j-api-1.7.30.jar:/home/ubuntu/.m2/repository/junit/junit/4.13/junit-4.13.jar:/home/ubuntu/.m2/repository/org/hamcrest/hamcrest-core/2.1/hamcrest-core-2.1.jar:/home/ubuntu/.m2/repository/org/hamcrest/hamcrest/2.2/hamcrest-2.2.jar:/home/ubuntu/.m2/repository/org/projectlombok/lombok/1.18.12/lombok-1.18.12.jar:/home/ubuntu/.m2/repository/org/springframework/boot/spring-boot-starter-hateoas/2.2.5.RELEASE/spring-boot-starter-hateoas-2.2.5.RELEASE.jar:/home/ubuntu/.m2/repository/org/springframework/boot/spring-boot-starter-web/2.2.5.RELEASE/spring-boot-starter-web-2.2.5.RELEASE.jar:/home/ubuntu/.m2/repository/org/springframework/boot/spring-boot-starter/2.2.5.RELEASE/spring-boot-starter-2.2.5.RELEASE.jar:/home/ubuntu/.m2/repository/org/springframework/boot/spring-boot/2.2.5.RELEASE/spring-boot-2.2.5.RELEASE.jar:/home/ubuntu/.m2/repository/org/springframework/boot/spring-boot-autoconfigure/2.2.5.RELEASE/spring-boot-autoconfigure-2.2.5.RELEASE.jar:/home/ubuntu/.m2/repository/org/springframework/boot/spring-boot-starter-logging/2.2.5.RELEASE/spring-boot-starter-logging-2.2.5.RELEASE.jar:/home/ubuntu/.m2/repository/ch/qos/logback/logback-classic/1.2.3/logback-classic-1.2.3.jar:/home/ubuntu/.m2/repository/ch/qos/logback/logback-core/1.2.3/logback-core-1.2.3.jar:/home/ubuntu/.m2/repository/org/apache/logging/log4j/log4j-to-slf4j/2.12.1/log4j-to-slf4j-2.12.1.jar:/home/ubuntu/.m2/repository/org/apache/logging/log4j/log4j-api/2.12.1/log4j-api-2.12.1.jar:/home/ubuntu/.m2/repository/org/slf4j/jul-to-slf4j/1.7.30/jul-to-slf4j-1.7.30.jar:/home/ubuntu/.m2/repository/jakarta/annotation/jakarta.annotation-api/1.3.5/jakarta.annotation-api-1.3.5.jar:/home/ubuntu/.m2/repository/org/yaml/snakeyaml/1.25/snakeyaml-1.25.jar:/home/ubuntu/.m2/repository/org/springframework/boot/spring-boot-starter-json/2.2.5.RELEASE/spring-boot-starter-json-2.2.5.RELEASE.jar:/home/ubuntu/.m2/repository/com/fasterxml/jackson/core/jackson-databind/2.10.2/jackson-databind-2.10.2.jar:/home/ubuntu/.m2/repository/com/fasterxml/jackson/core/jackson-annotations/2.10.2/jackson-annotations-2.10.2.jar:/home/ubuntu/.m2/repository/com/fasterxml/jackson/core/jackson-core/2.10.2/jackson-core-2.10.2.jar:/home/ubuntu/.m2/repository/com/fasterxml/jackson/datatype/jackson-datatype-jdk8/2.10.2/jackson-datatype-jdk8-2.10.2.jar:/home/ubuntu/.m2/repository/com/fasterxml/jackson/datatype/jackson-datatype-jsr310/2.10.2/jackson-datatype-jsr310-2.10.2.jar:/home/ubuntu/.m2/repository/com/fasterxml/jackson/module/jackson-module-parameter-names/2.10.2/jackson-module-parameter-names-2.10.2.jar:/home/ubuntu/.m2/repository/org/springframework/boot/spring-boot-starter-tomcat/2.2.5.RELEASE/spring-boot-starter-tomcat-2.2.5.RELEASE.jar:/home/ubuntu/.m2/repository/org/apache/tomcat/embed/tomcat-embed-core/9.0.31/tomcat-embed-core-9.0.31.jar:/home/ubuntu/.m2/repository/org/apache/tomcat/embed/tomcat-embed-el/9.0.31/tomcat-embed-el-9.0.31.jar:/home/ubuntu/.m2/repository/org/apache/tomcat/embed/tomcat-embed-websocket/9.0.31/tomcat-embed-websocket-9.0.31.jar:/home/ubuntu/.m2/repository/org/springframework/boot/spring-boot-starter-validation/2.2.5.RELEASE/spring-boot-starter-validation-2.2.5.RELEASE.jar:/home/ubuntu/.m2/repository/jakarta/validation/jakarta.validation-api/2.0.2/jakarta.validation-api-2.0.2.jar:/home/ubuntu/.m2/repository/org/hibernate/validator/hibernate-validator/6.0.18.Final/hibernate-validator-6.0.18.Final.jar:/home/ubuntu/.m2/repository/org/jboss/logging/jboss-logging/3.4.1.Final/jboss-logging-3.4.1.Final.jar:/home/ubuntu/.m2/repository/com/fasterxml/classmate/1.5.1/classmate-1.5.1.jar:/home/ubuntu/.m2/repository/org/springframework/spring-web/5.2.4.RELEASE/spring-web-5.2.4.RELEASE.jar:/home/ubuntu/.m2/repository/org/springframework/spring-webmvc/5.2.4.RELEASE/spring-webmvc-5.2.4.RELEASE.jar:/home/ubuntu/.m2/repository/org/springframework/spring-expression/5.2.4.RELEASE/spring-expression-5.2.4.RELEASE.jar:/home/ubuntu/.m2/repository/org/springframework/hateoas/spring-hateoas/1.0.3.RELEASE/spring-hateoas-1.0.3.RELEASE.jar:/home/ubuntu/.m2/repository/org/springframework/spring-aop/5.2.4.RELEASE/spring-aop-5.2.4.RELEASE.jar:/home/ubuntu/.m2/repository/org/springframework/spring-beans/5.2.4.RELEASE/spring-beans-5.2.4.RELEASE.jar:/home/ubuntu/.m2/repository/org/springframework/spring-context/5.2.4.RELEASE/spring-context-5.2.4.RELEASE.jar:/home/ubuntu/.m2/repository/org/springframework/spring-core/5.2.4.RELEASE/spring-core-5.2.4.RELEASE.jar:/home/ubuntu/.m2/repository/org/springframework/spring-jcl/5.2.4.RELEASE/spring-jcl-5.2.4.RELEASE.jar:/home/ubuntu/.m2/repository/org/springframework/plugin/spring-plugin-core/2.0.0.RELEASE/spring-plugin-core-2.0.0.RELEASE.jar:/home/ubuntu/.m2/repository/com/jayway/jsonpath/json-path/2.4.0/json-path-2.4.0.jar:/home/ubuntu/.m2/repository/net/minidev/json-smart/2.3/json-smart-2.3.jar:/home/ubuntu/.m2/repository/net/minidev/accessors-smart/1.2/accessors-smart-1.2.jar:/home/ubuntu/.m2/repository/org/ow2/asm/asm/5.0.4/asm-5.0.4.jar:"/>
    <property name="sun.cpu.endian" value="little"/>
    <property name="user.home" value="/home/ubuntu"/>
    <property name="user.language" value="en"/>
    <property name="java.specification.vendor" value="Oracle Corporation"/>
    <property name="java.home" value="/usr/lib/jvm/java-8-oracle/jre"/>
    <property name="basedir" value="/home/ubuntu/Desktop/GitHub/test"/>
    <property name="file.separator" value="/"/>
    <property name="line.separator" value="&#10;"/>
    <property name="java.vm.specification.vendor" value="Oracle Corporation"/>
    <property name="java.specification.name" value="Java Platform API Specification"/>
    <property name="java.awt.graphicsenv" value="sun.awt.X11GraphicsEnvironment"/>
    <property name="surefire.real.class.path" value="/home/ubuntu/Desktop/GitHub/test/target/surefire/surefirebooter2029032666689076470.jar"/>
    <property name="sun.boot.class.path" value="/usr/lib/jvm/java-8-oracle/jre/lib/resources.jar:/usr/lib/jvm/java-8-oracle/jre/lib/rt.jar:/usr/lib/jvm/java-8-oracle/jre/lib/sunrsasign.jar:/usr/lib/jvm/java-8-oracle/jre/lib/jsse.jar:/usr/lib/jvm/java-8-oracle/jre/lib/jce.jar:/usr/lib/jvm/java-8-oracle/jre/lib/charsets.jar:/usr/lib/jvm/java-8-oracle/jre/lib/jfr.jar:/usr/lib/jvm/java-8-oracle/jre/classes"/>
    <property name="sun.management.compiler" value="HotSpot 64-Bit Tiered Compilers"/>
    <property name="java.runtime.version" value="1.8.0_201-b09"/>
    <property name="user.name" value="ubuntu"/>
    <property name="path.separator" value=":"/>
    <property name="os.version" value="4.15.0-58-generic"/>
    <property name="java.endorsed.dirs" value="/usr/lib/jvm/java-8-oracle/jre/lib/endorsed"/>
    <property name="java.runtime.name" value="Java(TM) SE Runtime Environment"/>
    <property name="file.encoding" value="UTF-8"/>
    <property name="java.vm.name" value="Java HotSpot(TM) 64-Bit Server VM"/>
    <property name="localRepository" value="/home/ubuntu/.m2/repository"/>
    <property name="java.vendor.url.bug" value="http://bugreport.sun.com/bugreport/"/>
    <property name="java.io.tmpdir" value="/tmp"/>
    <property name="java.version" value="1.8.0_201"/>
    <property name="user.dir" value="/home/ubuntu/Desktop/GitHub/test"/>
    <property name="os.arch" value="amd64"/>
    <property name="java.vm.specification.name" value="Java Virtual Machine Specification"/>
    <property name="java.awt.printerjob" value="sun.print.PSPrinterJob"/>
    <property name="sun.os.patch.level" value="unknown"/>
    <property name="java.library.path" value="/usr/java/packages/lib/amd64:/usr/lib64:/lib64:/lib:/usr/lib"/>
    <property name="java.vm.info" value="mixed mode"/>
    <property name="java.vendor" value="Oracle Corporation"/>
    <property name="java.vm.version" value="25.201-b09"/>
    <property name="java.ext.dirs" value="/usr/lib/jvm/java-8-oracle/jre/lib/ext:/usr/java/packages/lib/ext"/>
    <property name="sun.io.unicode.encoding" value="UnicodeLittle"/>
    <property name="java.class.version" value="52.0"/>
  </properties>
  <testcase name="testing_lambda_with_single_method_interace" classname="org.lambda.LambdaTest" time="0"/>
</testsuite>